======================================================================
DEEP AUDIT: Lambda Dependence of All Criteria
======================================================================

1. SPECTRAL OVERLAP
--------------------------------------------------
  λ_1: 0.919125
  λ_2: 0.753590
  λ_3: 0.707239
  Δ(1-2): 0.165535 ✓ VARIES

2. KRYLOV SCORE
--------------------------------------------------
  λ_1: 0.593920
  λ_2: 0.540165
  λ_3: 0.561040
  Δ(1-2): 0.053755 ✓ VARIES

3. MOMENT CRITERION
--------------------------------------------------
  Error: module 'reach.mathematics' has no attribute 'moment_criterion'

======================================================================
CONCLUSION
======================================================================
