
======================================================================
SCALING EXPERIMENT: floquet_o2
======================================================================

K values: [2, 3, 4, 5, 6, 7, 8]
Trials per K: 100
λ search trials: 100
Driving type: bichromatic
Floquet order: 2


  Testing K=2 with 100 trials...
    Trial 10/100: P = 0.5000 (5/10)
    Trial 20/100: P = 0.4500 (9/20)
    Trial 30/100: P = 0.3333 (10/30)
    Trial 40/100: P = 0.3500 (14/40)
    Trial 50/100: P = 0.3800 (19/50)
    Trial 60/100: P = 0.3833 (23/60)
    Trial 70/100: P = 0.3857 (27/70)
    Trial 80/100: P = 0.4125 (33/80)
    Trial 90/100: P = 0.4222 (38/90)
    Trial 100/100: P = 0.4400 (44/100)

  K=2: P_unreachable = 0.4400 (44/100)


  Testing K=3 with 100 trials...
    Trial 10/100: P = 0.1000 (1/10)
    Trial 20/100: P = 0.2500 (5/20)
    Trial 30/100: P = 0.2000 (6/30)
    Trial 40/100: P = 0.2000 (8/40)
    Trial 50/100: P = 0.1600 (8/50)
    Trial 60/100: P = 0.2000 (12/60)
    Trial 70/100: P = 0.2143 (15/70)
    Trial 80/100: P = 0.1875 (15/80)
    Trial 90/100: P = 0.1778 (16/90)
    Trial 100/100: P = 0.1900 (19/100)

  K=3: P_unreachable = 0.1900 (19/100)


  Testing K=4 with 100 trials...
    Trial 10/100: P = 0.0000 (0/10)
    Trial 20/100: P = 0.0500 (1/20)
    Trial 30/100: P = 0.0333 (1/30)
    Trial 40/100: P = 0.0250 (1/40)
    Trial 50/100: P = 0.0400 (2/50)
    Trial 60/100: P = 0.0333 (2/60)
    Trial 70/100: P = 0.0429 (3/70)
    Trial 80/100: P = 0.0375 (3/80)
    Trial 90/100: P = 0.0333 (3/90)
    Trial 100/100: P = 0.0300 (3/100)

  K=4: P_unreachable = 0.0300 (3/100)


  Testing K=5 with 100 trials...
    Trial 10/100: P = 0.1000 (1/10)
    Trial 20/100: P = 0.0500 (1/20)
    Trial 30/100: P = 0.0333 (1/30)
    Trial 40/100: P = 0.0250 (1/40)
    Trial 50/100: P = 0.0200 (1/50)
    Trial 60/100: P = 0.0167 (1/60)
    Trial 70/100: P = 0.0143 (1/70)
    Trial 80/100: P = 0.0125 (1/80)
    Trial 90/100: P = 0.0111 (1/90)
    Trial 100/100: P = 0.0100 (1/100)

  K=5: P_unreachable = 0.0100 (1/100)


  Testing K=6 with 100 trials...
    Trial 10/100: P = 0.0000 (0/10)
    Trial 20/100: P = 0.0000 (0/20)
    Trial 30/100: P = 0.0000 (0/30)
    Trial 40/100: P = 0.0000 (0/40)
    Trial 50/100: P = 0.0000 (0/50)
    Trial 60/100: P = 0.0000 (0/60)
    Trial 70/100: P = 0.0000 (0/70)
    Trial 80/100: P = 0.0000 (0/80)
    Trial 90/100: P = 0.0000 (0/90)
    Trial 100/100: P = 0.0000 (0/100)

  K=6: P_unreachable = 0.0000 (0/100)


  Testing K=7 with 100 trials...
    Trial 10/100: P = 0.0000 (0/10)
    Trial 20/100: P = 0.0000 (0/20)
    Trial 30/100: P = 0.0000 (0/30)
    Trial 40/100: P = 0.0000 (0/40)
    Trial 50/100: P = 0.0000 (0/50)
    Trial 60/100: P = 0.0000 (0/60)
    Trial 70/100: P = 0.0000 (0/70)
    Trial 80/100: P = 0.0000 (0/80)
    Trial 90/100: P = 0.0000 (0/90)
    Trial 100/100: P = 0.0000 (0/100)

  K=7: P_unreachable = 0.0000 (0/100)


  Testing K=8 with 100 trials...
    Trial 10/100: P = 0.0000 (0/10)
    Trial 20/100: P = 0.0000 (0/20)
    Trial 30/100: P = 0.0000 (0/30)
    Trial 40/100: P = 0.0000 (0/40)
    Trial 50/100: P = 0.0000 (0/50)
    Trial 60/100: P = 0.0000 (0/60)
    Trial 70/100: P = 0.0000 (0/70)
    Trial 80/100: P = 0.0000 (0/80)
    Trial 90/100: P = 0.0000 (0/90)
    Trial 100/100: P = 0.0000 (0/100)

  K=8: P_unreachable = 0.0000 (0/100)


======================================================================
SUMMARY
======================================================================

Criterion: floquet_o2

   K |  P(unreachable) |   # Unreachable
--------------------------------------------------
   2 |        0.440000 |              44/100
   3 |        0.190000 |              19/100
   4 |        0.030000 |               3/100
   5 |        0.010000 |               1/100
   6 |        0.000000 |               0/100
   7 |        0.000000 |               0/100
   8 |        0.000000 |               0/100

======================================================================
EXPONENTIAL FIT: P(K) = A * exp(-α * K)
======================================================================

Parameters:
  A = 7.178414
  α = 1.319840
  R² = 0.931569
  Points used: 4/7

Results saved to: results/scaling_floquet_o2_20260108_040340.pkl

======================================================================
EXPERIMENT COMPLETE
======================================================================

